<?xml version="1.0" encoding="UTF-8"?>
<!-- Generated by org.testng.reporters.JUnitXMLReporter -->
<testsuite hostname="DESKTOP-3R73L8V" ignored="1" name="OpencartTests" tests="2" failures="0" timestamp="2021-03-24T06:30:09 IST" time="25.796" errors="0">
  <testcase name="test_accout_Registration" time="8.292" classname="testCases.TC_001_AccountRegistration"/>
  <testcase name="test_Login" time="7.968" classname="testCases.TC_002_Login"/>
  <testcase name="test_LoginDDT" time="0.0" classname="testCases.TC_003_LoginDDT">
    <ignored/>
  </testcase> <!-- test_LoginDDT -->
</testsuite> <!-- OpencartTests -->
