<?xml version="1.0" encoding="UTF-8"?>
<testng-results skipped="0" failed="0" ignored="0" total="1" passed="1">
  <reporter-output>
  </reporter-output>
  <suite name="Failed suite [OpenCart Test Suite]" duration-ms="15691" started-at="2021-03-24T07:15:14 IST" finished-at="2021-03-24T07:15:29 IST">
    <groups>
      <group name="regression">
        <method signature="TC_001_AccountRegistration.test_accout_Registration()[pri:0, instance:testCases.TC_001_AccountRegistration@3578436e]" name="test_accout_Registration" class="testCases.TC_001_AccountRegistration"/>
      </group> <!-- regression -->
      <group name="master">
        <method signature="TC_001_AccountRegistration.test_accout_Registration()[pri:0, instance:testCases.TC_001_AccountRegistration@3578436e]" name="test_accout_Registration" class="testCases.TC_001_AccountRegistration"/>
      </group> <!-- master -->
    </groups>
    <test name="OpencartTests(failed)" duration-ms="15691" started-at="2021-03-24T07:15:14 IST" finished-at="2021-03-24T07:15:29 IST">
      <class name="testCases.TC_001_AccountRegistration">
        <test-method status="PASS" signature="setup(java.lang.String)[pri:0, instance:testCases.TC_001_AccountRegistration@3578436e]" name="setup" is-config="true" duration-ms="5858" started-at="2021-03-24T07:15:14 IST" finished-at="2021-03-24T07:15:20 IST">
          <params>
            <param index="0">
              <value>
                <![CDATA[chrome]]>
              </value>
            </param>
          </params>
          <reporter-output>
          </reporter-output>
        </test-method> <!-- setup -->
        <test-method status="PASS" signature="test_accout_Registration()[pri:0, instance:testCases.TC_001_AccountRegistration@3578436e]" name="test_accout_Registration" duration-ms="8909" started-at="2021-03-24T07:15:20 IST" finished-at="2021-03-24T07:15:29 IST">
          <reporter-output>
          </reporter-output>
        </test-method> <!-- test_accout_Registration -->
        <test-method status="PASS" signature="tearDown()[pri:0, instance:testCases.TC_001_AccountRegistration@3578436e]" name="tearDown" is-config="true" duration-ms="419" started-at="2021-03-24T07:15:29 IST" finished-at="2021-03-24T07:15:29 IST">
          <reporter-output>
          </reporter-output>
        </test-method> <!-- tearDown -->
      </class> <!-- testCases.TC_001_AccountRegistration -->
    </test> <!-- OpencartTests(failed) -->
  </suite> <!-- Failed suite [OpenCart Test Suite] -->
</testng-results>
